<?xml version="1.0" encoding="UTF-8" standalone="no"?>
<!DOCTYPE log SYSTEM "logger.dtd">
<log>
<record>
  <date>2018-11-27T08:06:46</date>
  <millis>1543277206458</millis>
  <sequence>0</sequence>
  <logger>runRecord</logger>
  <level>INFO</level>
  <class>Log.TheLog</class>
  <method>info</method>
  <thread>11</thread>
  <message>App启动</message>
</record>
<record>
  <date>2018-11-27T08:06:46</date>
  <millis>1543277206999</millis>
  <sequence>1</sequence>
  <logger>runRecord</logger>
  <level>INFO</level>
  <class>Log.TheLog</class>
  <method>info</method>
  <thread>11</thread>
  <message>连接数据系统...</message>
</record>
</log>
